<?xml version="1.0" encoding="UTF-8"?>
<testng-results ignored="0" total="2" passed="2" failed="0" skipped="0">
  <reporter-output>
  </reporter-output>
  <suite started-at="2025-08-05T22:16:34 IST" name="Master Suite" finished-at="2025-08-05T22:16:50 IST" duration-ms="15863">
    <groups>
      <group name="regression">
        <method signature="TC002_LoginTest.verify_login()[pri:0, instance:testCases.TC002_LoginTest@2bb3058]" name="verify_login" class="testCases.TC002_LoginTest"/>
      </group> <!-- regression -->
      <group name="sanity">
        <method signature="TC001_AccountRegistrationTest.verify_accountRegistration()[pri:0, instance:testCases.TC001_AccountRegistrationTest@1046d517]" name="verify_accountRegistration" class="testCases.TC001_AccountRegistrationTest"/>
      </group> <!-- sanity -->
      <group name="master">
        <method signature="TC001_AccountRegistrationTest.verify_accountRegistration()[pri:0, instance:testCases.TC001_AccountRegistrationTest@1046d517]" name="verify_accountRegistration" class="testCases.TC001_AccountRegistrationTest"/>
        <method signature="TC002_LoginTest.verify_login()[pri:0, instance:testCases.TC002_LoginTest@2bb3058]" name="verify_login" class="testCases.TC002_LoginTest"/>
      </group> <!-- master -->
    </groups>
    <test started-at="2025-08-05T22:16:34 IST" name="Test" finished-at="2025-08-05T22:16:50 IST" duration-ms="15863">
      <class name="testCases.TC002_LoginTest">
        <test-method is-config="true" signature="setup(java.lang.String,java.lang.String)[pri:0, instance:testCases.TC002_LoginTest@2bb3058]" started-at="2025-08-05T22:16:41 IST" name="setup" finished-at="2025-08-05T22:16:48 IST" duration-ms="6374" status="PASS">
          <params>
            <param index="0">
              <value>
                <![CDATA[windows]]>
              </value>
            </param>
            <param index="1">
              <value>
                <![CDATA[chrome]]>
              </value>
            </param>
          </params>
          <reporter-output>
          </reporter-output>
        </test-method> <!-- setup -->
        <test-method signature="verify_login()[pri:0, instance:testCases.TC002_LoginTest@2bb3058]" started-at="2025-08-05T22:16:48 IST" name="verify_login" finished-at="2025-08-05T22:16:50 IST" duration-ms="2548" status="PASS">
          <reporter-output>
          </reporter-output>
        </test-method> <!-- verify_login -->
        <test-method is-config="true" signature="tearDown()[pri:0, instance:testCases.TC002_LoginTest@2bb3058]" started-at="2025-08-05T22:16:50 IST" name="tearDown" finished-at="2025-08-05T22:16:50 IST" duration-ms="156" status="PASS">
          <reporter-output>
          </reporter-output>
        </test-method> <!-- tearDown -->
      </class> <!-- testCases.TC002_LoginTest -->
      <class name="testCases.TC001_AccountRegistrationTest">
        <test-method is-config="true" signature="setup(java.lang.String,java.lang.String)[pri:0, instance:testCases.TC001_AccountRegistrationTest@1046d517]" started-at="2025-08-05T22:16:35 IST" name="setup" finished-at="2025-08-05T22:16:38 IST" duration-ms="3310" status="PASS">
          <params>
            <param index="0">
              <value>
                <![CDATA[windows]]>
              </value>
            </param>
            <param index="1">
              <value>
                <![CDATA[chrome]]>
              </value>
            </param>
          </params>
          <reporter-output>
          </reporter-output>
        </test-method> <!-- setup -->
        <test-method signature="verify_accountRegistration()[pri:0, instance:testCases.TC001_AccountRegistrationTest@1046d517]" started-at="2025-08-05T22:16:38 IST" name="verify_accountRegistration" finished-at="2025-08-05T22:16:41 IST" duration-ms="2162" status="PASS">
          <reporter-output>
          </reporter-output>
        </test-method> <!-- verify_accountRegistration -->
        <test-method is-config="true" signature="tearDown()[pri:0, instance:testCases.TC001_AccountRegistrationTest@1046d517]" started-at="2025-08-05T22:16:41 IST" name="tearDown" finished-at="2025-08-05T22:16:41 IST" duration-ms="449" status="PASS">
          <reporter-output>
          </reporter-output>
        </test-method> <!-- tearDown -->
      </class> <!-- testCases.TC001_AccountRegistrationTest -->
    </test> <!-- Test -->
  </suite> <!-- Master Suite -->
</testng-results>
